============================================================
CLEAN DATA UPLOAD TO SUPABASE
============================================================

Checking current database status...

============================================================
Uploading to foundation...
============================================================
Reading foundations_normalized_clean.csv...
Total records to upload: 270,033
Uploading in 541 batches of 500...
  ⚠ Batch 1: Skipping duplicates
  ⚠ Batch 2: Skipping duplicates
  ⚠ Batch 3: Skipping duplicates
  ⚠ Batch 4: Skipping duplicates
  ⚠ Batch 5: Skipping duplicates
  ⚠ Batch 6: Skipping duplicates
  ⚠ Batch 7: Skipping duplicates
  ⚠ Batch 8: Skipping duplicates
  ⚠ Batch 9: Skipping duplicates
  ⚠ Batch 10: Skipping duplicates
  ⚠ Batch 11: Skipping duplicates
  ⚠ Batch 12: Skipping duplicates
  ⚠ Batch 13: Skipping duplicates
  ⚠ Batch 14: Skipping duplicates
  ⚠ Batch 15: Skipping duplicates
  ⚠ Batch 16: Skipping duplicates
  ⚠ Batch 17: Skipping duplicates
  ⚠ Batch 18: Skipping duplicates
  ⚠ Batch 19: Skipping duplicates
  ⚠ Batch 20: Skipping duplicates
  ⚠ Batch 21: Skipping duplicates
  ⚠ Batch 22: Skipping duplicates
  ⚠ Batch 23: Skipping duplicates
  ⚠ Batch 24: Skipping duplicates
  ⚠ Batch 25: Skipping duplicates
  ⚠ Batch 26: Skipping duplicates
  ⚠ Batch 27: Skipping duplicates
  ⚠ Batch 28: Skipping duplicates
  ⚠ Batch 29: Skipping duplicates
  ⚠ Batch 30: Skipping duplicates
  ⚠ Batch 31: Skipping duplicates
  ⚠ Batch 32: Skipping duplicates
  ⚠ Batch 33: Skipping duplicates
  ⚠ Batch 34: Skipping duplicates
  ⚠ Batch 35: Skipping duplicates
  ⚠ Batch 36: Skipping duplicates
  ⚠ Batch 37: Skipping duplicates
  ⚠ Batch 38: Skipping duplicates
  ⚠ Batch 39: Skipping duplicates
  ⚠ Batch 40: Skipping duplicates
  ⚠ Batch 41: Skipping duplicates
  ⚠ Batch 42: Skipping duplicates
  ⚠ Batch 43: Skipping duplicates
  ⚠ Batch 44: Skipping duplicates
  ⚠ Batch 45: Skipping duplicates
  ⚠ Batch 46: Skipping duplicates
  ⚠ Batch 47: Skipping duplicates
  ⚠ Batch 48: Skipping duplicates
  ⚠ Batch 49: Skipping duplicates
  ⚠ Batch 50: Skipping duplicates
  ⚠ Batch 51: Skipping duplicates
  ⚠ Batch 52: Skipping duplicates
  ⚠ Batch 53: Skipping duplicates
  ⚠ Batch 54: Skipping duplicates
  ⚠ Batch 55: Skipping duplicates
  ⚠ Batch 56: Skipping duplicates
  ⚠ Batch 57: Skipping duplicates
  ⚠ Batch 58: Skipping duplicates
  ⚠ Batch 59: Skipping duplicates
  ⚠ Batch 60: Skipping duplicates
  ⚠ Batch 61: Skipping duplicates
  ⚠ Batch 62: Skipping duplicates
  ⚠ Batch 63: Skipping duplicates
  ⚠ Batch 64: Skipping duplicates
  ⚠ Batch 65: Skipping duplicates
  ⚠ Batch 66: Skipping duplicates
  ⚠ Batch 67: Skipping duplicates
  ⚠ Batch 68: Skipping duplicates
  ⚠ Batch 69: Skipping duplicates
  ⚠ Batch 70: Skipping duplicates
  ⚠ Batch 71: Skipping duplicates
  ⚠ Batch 72: Skipping duplicates
  ⚠ Batch 73: Skipping duplicates
  ⚠ Batch 74: Skipping duplicates
  ⚠ Batch 75: Skipping duplicates
  ⚠ Batch 76: Skipping duplicates
  ⚠ Batch 77: Skipping duplicates
  ⚠ Batch 78: Skipping duplicates
  ⚠ Batch 79: Skipping duplicates
  ⚠ Batch 80: Skipping duplicates
  ⚠ Batch 81: Skipping duplicates
  ⚠ Batch 82: Skipping duplicates
  ⚠ Batch 83: Skipping duplicates
  ⚠ Batch 84: Skipping duplicates
  ⚠ Batch 85: Skipping duplicates
  ⚠ Batch 86: Skipping duplicates
  ⚠ Batch 87: Skipping duplicates
  ⚠ Batch 88: Skipping duplicates
  ⚠ Batch 89: Skipping duplicates
  ⚠ Batch 90: Skipping duplicates
  ⚠ Batch 91: Skipping duplicates
  ⚠ Batch 92: Skipping duplicates
  ⚠ Batch 93: Skipping duplicates
  ⚠ Batch 94: Skipping duplicates
  ⚠ Batch 95: Skipping duplicates
  ⚠ Batch 96: Skipping duplicates
  ⚠ Batch 97: Skipping duplicates
  ⚠ Batch 98: Skipping duplicates
  ⚠ Batch 99: Skipping duplicates
  ⚠ Batch 100: Skipping duplicates
  ⚠ Batch 101: Skipping duplicates
  ⚠ Batch 102: Skipping duplicates
  ⚠ Batch 103: Skipping duplicates
  ⚠ Batch 104: Skipping duplicates
  ⚠ Batch 105: Skipping duplicates
  ⚠ Batch 106: Skipping duplicates
  ⚠ Batch 107: Skipping duplicates
  ⚠ Batch 108: Skipping duplicates
  ⚠ Batch 109: Skipping duplicates
  ⚠ Batch 110: Skipping duplicates
  ⚠ Batch 111: Skipping duplicates
  ⚠ Batch 112: Skipping duplicates
  ⚠ Batch 113: Skipping duplicates
  ⚠ Batch 114: Skipping duplicates
  ⚠ Batch 115: Skipping duplicates
  ⚠ Batch 116: Skipping duplicates
  ⚠ Batch 117: Skipping duplicates
  ⚠ Batch 118: Skipping duplicates
  ⚠ Batch 119: Skipping duplicates
  ⚠ Batch 120: Skipping duplicates
  ⚠ Batch 121: Skipping duplicates
  ⚠ Batch 122: Skipping duplicates
  ⚠ Batch 123: Skipping duplicates
  ⚠ Batch 124: Skipping duplicates
  ⚠ Batch 125: Skipping duplicates
  ⚠ Batch 126: Skipping duplicates
  ⚠ Batch 127: Skipping duplicates
  ⚠ Batch 128: Skipping duplicates
  ⚠ Batch 129: Skipping duplicates
  ⚠ Batch 130: Skipping duplicates
  ⚠ Batch 131: Skipping duplicates
  ⚠ Batch 132: Skipping duplicates
  ⚠ Batch 133: Skipping duplicates
  ⚠ Batch 134: Skipping duplicates
  ⚠ Batch 135: Skipping duplicates
  ⚠ Batch 136: Skipping duplicates
  ⚠ Batch 137: Skipping duplicates
  ⚠ Batch 138: Skipping duplicates
  ⚠ Batch 139: Skipping duplicates
  ⚠ Batch 140: Skipping duplicates
  ⚠ Batch 141: Skipping duplicates
  ⚠ Batch 142: Skipping duplicates
  ⚠ Batch 143: Skipping duplicates
  ⚠ Batch 144: Skipping duplicates
  ⚠ Batch 145: Skipping duplicates
  ⚠ Batch 146: Skipping duplicates
  ⚠ Batch 147: Skipping duplicates
  ⚠ Batch 148: Skipping duplicates
  ⚠ Batch 149: Skipping duplicates
  ⚠ Batch 150: Skipping duplicates
  ⚠ Batch 151: Skipping duplicates
  ⚠ Batch 152: Skipping duplicates
  ⚠ Batch 153: Skipping duplicates
  ⚠ Batch 154: Skipping duplicates
  ⚠ Batch 155: Skipping duplicates
  ⚠ Batch 156: Skipping duplicates
  ⚠ Batch 157: Skipping duplicates
  ⚠ Batch 158: Skipping duplicates
  ⚠ Batch 159: Skipping duplicates
  ⚠ Batch 160: Skipping duplicates
  ⚠ Batch 161: Skipping duplicates
  ⚠ Batch 162: Skipping duplicates
  ⚠ Batch 163: Skipping duplicates
  ⚠ Batch 164: Skipping duplicates
  ⚠ Batch 165: Skipping duplicates
  ⚠ Batch 166: Skipping duplicates
  ⚠ Batch 167: Skipping duplicates
  ⚠ Batch 168: Skipping duplicates
  ⚠ Batch 169: Skipping duplicates
  ⚠ Batch 170: Skipping duplicates
  ⚠ Batch 171: Skipping duplicates
  ⚠ Batch 172: Skipping duplicates
  ⚠ Batch 173: Skipping duplicates
  ⚠ Batch 174: Skipping duplicates
  ⚠ Batch 175: Skipping duplicates
  ⚠ Batch 176: Skipping duplicates
  ⚠ Batch 177: Skipping duplicates
  ⚠ Batch 178: Skipping duplicates
  ⚠ Batch 179: Skipping duplicates
  ⚠ Batch 180: Skipping duplicates
  ⚠ Batch 181: Skipping duplicates
  ⚠ Batch 182: Skipping duplicates
  ⚠ Batch 183: Skipping duplicates
  ⚠ Batch 184: Skipping duplicates
  ⚠ Batch 185: Skipping duplicates
  ⚠ Batch 186: Skipping duplicates
  ⚠ Batch 187: Skipping duplicates
  ⚠ Batch 188: Skipping duplicates
  ⚠ Batch 189: Skipping duplicates
  ⚠ Batch 190: Skipping duplicates
  ⚠ Batch 191: Skipping duplicates
  ⚠ Batch 192: Skipping duplicates
  ⚠ Batch 193: Skipping duplicates
  ⚠ Batch 194: Skipping duplicates
  ⚠ Batch 195: Skipping duplicates
  ⚠ Batch 196: Skipping duplicates
  ⚠ Batch 197: Skipping duplicates
  ⚠ Batch 198: Skipping duplicates
  ⚠ Batch 199: Skipping duplicates
  ⚠ Batch 200: Skipping duplicates
  ⚠ Batch 201: Skipping duplicates
  ⚠ Batch 202: Skipping duplicates
  ⚠ Batch 203: Skipping duplicates
  ⚠ Batch 204: Skipping duplicates
  ⚠ Batch 205: Skipping duplicates
  ⚠ Batch 206: Skipping duplicates
  ⚠ Batch 207: Skipping duplicates
  ⚠ Batch 208: Skipping duplicates
  ⚠ Batch 209: Skipping duplicates
  ⚠ Batch 210: Skipping duplicates
  ⚠ Batch 211: Skipping duplicates
  ⚠ Batch 212: Skipping duplicates
